Started GET "/" for 127.0.0.1 at 2022-11-21 20:45:57 -0400
  
ActiveRecord::NoDatabaseError (We could not find your database: my_new_rails_app_development. Which can be found in the database configuration file located at config/database.yml.

To resolve this issue:

- Did you create the database for this app, or delete it? You may need to create your database.
- Has the database name changed? Check your database.yml config has the correct database name.

To create your database, run:

        bin/rails db:create
):
  
activerecord (7.0.4) lib/active_record/connection_adapters/postgresql_adapter.rb:81:in `rescue in new_client'
activerecord (7.0.4) lib/active_record/connection_adapters/postgresql_adapter.rb:77:in `new_client'
activerecord (7.0.4) lib/active_record/connection_adapters/postgresql_adapter.rb:37:in `postgresql_connection'
activerecord (7.0.4) lib/active_record/connection_adapters/abstract/connection_pool.rb:656:in `public_send'
activerecord (7.0.4) lib/active_record/connection_adapters/abstract/connection_pool.rb:656:in `new_connection'
activerecord (7.0.4) lib/active_record/connection_adapters/abstract/connection_pool.rb:700:in `checkout_new_connection'
activerecord (7.0.4) lib/active_record/connection_adapters/abstract/connection_pool.rb:679:in `try_to_checkout_new_connection'
activerecord (7.0.4) lib/active_record/connection_adapters/abstract/connection_pool.rb:640:in `acquire_connection'
activerecord (7.0.4) lib/active_record/connection_adapters/abstract/connection_pool.rb:341:in `checkout'
activerecord (7.0.4) lib/active_record/connection_adapters/abstract/connection_pool.rb:181:in `connection'
activerecord (7.0.4) lib/active_record/connection_adapters/abstract/connection_handler.rb:211:in `retrieve_connection'
activerecord (7.0.4) lib/active_record/connection_handling.rb:313:in `retrieve_connection'
activerecord (7.0.4) lib/active_record/connection_handling.rb:280:in `connection'
activerecord (7.0.4) lib/active_record/migration.rb:613:in `connection'
activerecord (7.0.4) lib/active_record/migration.rb:608:in `build_watcher'
activerecord (7.0.4) lib/active_record/migration.rb:590:in `block in call'
activerecord (7.0.4) lib/active_record/migration.rb:589:in `synchronize'
activerecord (7.0.4) lib/active_record/migration.rb:589:in `call'
actionpack (7.0.4) lib/action_dispatch/middleware/callbacks.rb:27:in `block in call'
activesupport (7.0.4) lib/active_support/callbacks.rb:99:in `run_callbacks'
actionpack (7.0.4) lib/action_dispatch/middleware/callbacks.rb:26:in `call'
actionpack (7.0.4) lib/action_dispatch/middleware/executor.rb:14:in `call'
actionpack (7.0.4) lib/action_dispatch/middleware/actionable_exceptions.rb:17:in `call'
actionpack (7.0.4) lib/action_dispatch/middleware/debug_exceptions.rb:28:in `call'
web-console (4.2.0) lib/web_console/middleware.rb:132:in `call_app'
web-console (4.2.0) lib/web_console/middleware.rb:28:in `block in call'
web-console (4.2.0) lib/web_console/middleware.rb:17:in `catch'
web-console (4.2.0) lib/web_console/middleware.rb:17:in `call'
actionpack (7.0.4) lib/action_dispatch/middleware/show_exceptions.rb:26:in `call'
railties (7.0.4) lib/rails/rack/logger.rb:40:in `call_app'
railties (7.0.4) lib/rails/rack/logger.rb:25:in `block in call'
activesupport (7.0.4) lib/active_support/tagged_logging.rb:99:in `block in tagged'
activesupport (7.0.4) lib/active_support/tagged_logging.rb:37:in `tagged'
activesupport (7.0.4) lib/active_support/tagged_logging.rb:99:in `tagged'
railties (7.0.4) lib/rails/rack/logger.rb:25:in `call'
sprockets-rails (3.4.2) lib/sprockets/rails/quiet_assets.rb:13:in `call'
actionpack (7.0.4) lib/action_dispatch/middleware/remote_ip.rb:93:in `call'
actionpack (7.0.4) lib/action_dispatch/middleware/request_id.rb:26:in `call'
rack (2.2.4) lib/rack/method_override.rb:24:in `call'
rack (2.2.4) lib/rack/runtime.rb:22:in `call'
activesupport (7.0.4) lib/active_support/cache/strategy/local_cache_middleware.rb:29:in `call'
actionpack (7.0.4) lib/action_dispatch/middleware/server_timing.rb:61:in `block in call'
actionpack (7.0.4) lib/action_dispatch/middleware/server_timing.rb:26:in `collect_events'
actionpack (7.0.4) lib/action_dispatch/middleware/server_timing.rb:60:in `call'
actionpack (7.0.4) lib/action_dispatch/middleware/executor.rb:14:in `call'
actionpack (7.0.4) lib/action_dispatch/middleware/static.rb:23:in `call'
rack (2.2.4) lib/rack/sendfile.rb:110:in `call'
actionpack (7.0.4) lib/action_dispatch/middleware/host_authorization.rb:137:in `call'
railties (7.0.4) lib/rails/engine.rb:530:in `call'
puma (5.6.5) lib/puma/configuration.rb:252:in `call'
puma (5.6.5) lib/puma/request.rb:77:in `block in handle_request'
puma (5.6.5) lib/puma/thread_pool.rb:340:in `with_force_shutdown'
puma (5.6.5) lib/puma/request.rb:76:in `handle_request'
puma (5.6.5) lib/puma/server.rb:443:in `process_client'
puma (5.6.5) lib/puma/thread_pool.rb:147:in `block in spawn_thread'
Started GET "/" for 127.0.0.1 at 2022-11-21 20:45:58 -0400
  
ActiveRecord::NoDatabaseError (We could not find your database: my_new_rails_app_development. Which can be found in the database configuration file located at config/database.yml.

To resolve this issue:

- Did you create the database for this app, or delete it? You may need to create your database.
- Has the database name changed? Check your database.yml config has the correct database name.

To create your database, run:

        bin/rails db:create
):
  
activerecord (7.0.4) lib/active_record/connection_adapters/postgresql_adapter.rb:81:in `rescue in new_client'
activerecord (7.0.4) lib/active_record/connection_adapters/postgresql_adapter.rb:77:in `new_client'
activerecord (7.0.4) lib/active_record/connection_adapters/postgresql_adapter.rb:37:in `postgresql_connection'
activerecord (7.0.4) lib/active_record/connection_adapters/abstract/connection_pool.rb:656:in `public_send'
activerecord (7.0.4) lib/active_record/connection_adapters/abstract/connection_pool.rb:656:in `new_connection'
activerecord (7.0.4) lib/active_record/connection_adapters/abstract/connection_pool.rb:700:in `checkout_new_connection'
activerecord (7.0.4) lib/active_record/connection_adapters/abstract/connection_pool.rb:679:in `try_to_checkout_new_connection'
activerecord (7.0.4) lib/active_record/connection_adapters/abstract/connection_pool.rb:640:in `acquire_connection'
activerecord (7.0.4) lib/active_record/connection_adapters/abstract/connection_pool.rb:341:in `checkout'
activerecord (7.0.4) lib/active_record/connection_adapters/abstract/connection_pool.rb:181:in `connection'
activerecord (7.0.4) lib/active_record/connection_adapters/abstract/connection_handler.rb:211:in `retrieve_connection'
activerecord (7.0.4) lib/active_record/connection_handling.rb:313:in `retrieve_connection'
activerecord (7.0.4) lib/active_record/connection_handling.rb:280:in `connection'
activerecord (7.0.4) lib/active_record/migration.rb:613:in `connection'
activerecord (7.0.4) lib/active_record/migration.rb:608:in `build_watcher'
activerecord (7.0.4) lib/active_record/migration.rb:590:in `block in call'
activerecord (7.0.4) lib/active_record/migration.rb:589:in `synchronize'
activerecord (7.0.4) lib/active_record/migration.rb:589:in `call'
actionpack (7.0.4) lib/action_dispatch/middleware/callbacks.rb:27:in `block in call'
activesupport (7.0.4) lib/active_support/callbacks.rb:99:in `run_callbacks'
actionpack (7.0.4) lib/action_dispatch/middleware/callbacks.rb:26:in `call'
actionpack (7.0.4) lib/action_dispatch/middleware/executor.rb:14:in `call'
actionpack (7.0.4) lib/action_dispatch/middleware/actionable_exceptions.rb:17:in `call'
actionpack (7.0.4) lib/action_dispatch/middleware/debug_exceptions.rb:28:in `call'
web-console (4.2.0) lib/web_console/middleware.rb:132:in `call_app'
web-console (4.2.0) lib/web_console/middleware.rb:28:in `block in call'
web-console (4.2.0) lib/web_console/middleware.rb:17:in `catch'
web-console (4.2.0) lib/web_console/middleware.rb:17:in `call'
actionpack (7.0.4) lib/action_dispatch/middleware/show_exceptions.rb:26:in `call'
railties (7.0.4) lib/rails/rack/logger.rb:40:in `call_app'
railties (7.0.4) lib/rails/rack/logger.rb:25:in `block in call'
activesupport (7.0.4) lib/active_support/tagged_logging.rb:99:in `block in tagged'
activesupport (7.0.4) lib/active_support/tagged_logging.rb:37:in `tagged'
activesupport (7.0.4) lib/active_support/tagged_logging.rb:99:in `tagged'
railties (7.0.4) lib/rails/rack/logger.rb:25:in `call'
sprockets-rails (3.4.2) lib/sprockets/rails/quiet_assets.rb:13:in `call'
actionpack (7.0.4) lib/action_dispatch/middleware/remote_ip.rb:93:in `call'
actionpack (7.0.4) lib/action_dispatch/middleware/request_id.rb:26:in `call'
rack (2.2.4) lib/rack/method_override.rb:24:in `call'
rack (2.2.4) lib/rack/runtime.rb:22:in `call'
activesupport (7.0.4) lib/active_support/cache/strategy/local_cache_middleware.rb:29:in `call'
actionpack (7.0.4) lib/action_dispatch/middleware/server_timing.rb:61:in `block in call'
actionpack (7.0.4) lib/action_dispatch/middleware/server_timing.rb:26:in `collect_events'
actionpack (7.0.4) lib/action_dispatch/middleware/server_timing.rb:60:in `call'
actionpack (7.0.4) lib/action_dispatch/middleware/executor.rb:14:in `call'
actionpack (7.0.4) lib/action_dispatch/middleware/static.rb:23:in `call'
rack (2.2.4) lib/rack/sendfile.rb:110:in `call'
actionpack (7.0.4) lib/action_dispatch/middleware/host_authorization.rb:137:in `call'
railties (7.0.4) lib/rails/engine.rb:530:in `call'
puma (5.6.5) lib/puma/configuration.rb:252:in `call'
puma (5.6.5) lib/puma/request.rb:77:in `block in handle_request'
puma (5.6.5) lib/puma/thread_pool.rb:340:in `with_force_shutdown'
puma (5.6.5) lib/puma/request.rb:76:in `handle_request'
puma (5.6.5) lib/puma/server.rb:443:in `process_client'
puma (5.6.5) lib/puma/thread_pool.rb:147:in `block in spawn_thread'

NameError: constant WebConsole::SourceLocation not defined

          source_location = SourceLocation.new(binding)
                            ^^^^^^^^^^^^^^
	from /Users/imac_1/.rbenv/versions/3.1.2/lib/ruby/gems/3.1.0/gems/web-console-4.2.0/lib/web_console/exception_mapper.rb:51:in `block in guess_the_first_application_binding'
	from /Users/imac_1/.rbenv/versions/3.1.2/lib/ruby/gems/3.1.0/gems/web-console-4.2.0/lib/web_console/exception_mapper.rb:50:in `each'
	from /Users/imac_1/.rbenv/versions/3.1.2/lib/ruby/gems/3.1.0/gems/web-console-4.2.0/lib/web_console/exception_mapper.rb:50:in `find'
	from /Users/imac_1/.rbenv/versions/3.1.2/lib/ruby/gems/3.1.0/gems/web-console-4.2.0/lib/web_console/exception_mapper.rb:50:in `guess_the_first_application_binding'
	from /Users/imac_1/.rbenv/versions/3.1.2/lib/ruby/gems/3.1.0/gems/web-console-4.2.0/lib/web_console/exception_mapper.rb:30:in `first'
	from /Users/imac_1/.rbenv/versions/3.1.2/lib/ruby/gems/3.1.0/gems/web-console-4.2.0/lib/web_console/session.rb:48:in `initialize'
	from /Users/imac_1/.rbenv/versions/3.1.2/lib/ruby/gems/3.1.0/gems/web-console-4.2.0/lib/web_console/session.rb:34:in `new'
	from /Users/imac_1/.rbenv/versions/3.1.2/lib/ruby/gems/3.1.0/gems/web-console-4.2.0/lib/web_console/session.rb:34:in `from'
	from /Users/imac_1/.rbenv/versions/3.1.2/lib/ruby/gems/3.1.0/gems/web-console-4.2.0/lib/web_console/middleware.rb:30:in `block in call'
	from /Users/imac_1/.rbenv/versions/3.1.2/lib/ruby/gems/3.1.0/gems/web-console-4.2.0/lib/web_console/middleware.rb:17:in `catch'
	from /Users/imac_1/.rbenv/versions/3.1.2/lib/ruby/gems/3.1.0/gems/web-console-4.2.0/lib/web_console/middleware.rb:17:in `call'
	from /Users/imac_1/.rbenv/versions/3.1.2/lib/ruby/gems/3.1.0/gems/actionpack-7.0.4/lib/action_dispatch/middleware/show_exceptions.rb:26:in `call'
	from /Users/imac_1/.rbenv/versions/3.1.2/lib/ruby/gems/3.1.0/gems/railties-7.0.4/lib/rails/rack/logger.rb:40:in `call_app'
	from /Users/imac_1/.rbenv/versions/3.1.2/lib/ruby/gems/3.1.0/gems/railties-7.0.4/lib/rails/rack/logger.rb:25:in `block in call'
	from /Users/imac_1/.rbenv/versions/3.1.2/lib/ruby/gems/3.1.0/gems/activesupport-7.0.4/lib/active_support/tagged_logging.rb:99:in `block in tagged'
	from /Users/imac_1/.rbenv/versions/3.1.2/lib/ruby/gems/3.1.0/gems/activesupport-7.0.4/lib/active_support/tagged_logging.rb:37:in `tagged'
	from /Users/imac_1/.rbenv/versions/3.1.2/lib/ruby/gems/3.1.0/gems/activesupport-7.0.4/lib/active_support/tagged_logging.rb:99:in `tagged'
	from /Users/imac_1/.rbenv/versions/3.1.2/lib/ruby/gems/3.1.0/gems/railties-7.0.4/lib/rails/rack/logger.rb:25:in `call'
	from /Users/imac_1/.rbenv/versions/3.1.2/lib/ruby/gems/3.1.0/gems/sprockets-rails-3.4.2/lib/sprockets/rails/quiet_assets.rb:13:in `call'
	from /Users/imac_1/.rbenv/versions/3.1.2/lib/ruby/gems/3.1.0/gems/actionpack-7.0.4/lib/action_dispatch/middleware/remote_ip.rb:93:in `call'
	from /Users/imac_1/.rbenv/versions/3.1.2/lib/ruby/gems/3.1.0/gems/actionpack-7.0.4/lib/action_dispatch/middleware/request_id.rb:26:in `call'
	from /Users/imac_1/.rbenv/versions/3.1.2/lib/ruby/gems/3.1.0/gems/rack-2.2.4/lib/rack/method_override.rb:24:in `call'
	from /Users/imac_1/.rbenv/versions/3.1.2/lib/ruby/gems/3.1.0/gems/rack-2.2.4/lib/rack/runtime.rb:22:in `call'
	from /Users/imac_1/.rbenv/versions/3.1.2/lib/ruby/gems/3.1.0/gems/activesupport-7.0.4/lib/active_support/cache/strategy/local_cache_middleware.rb:29:in `call'
	from /Users/imac_1/.rbenv/versions/3.1.2/lib/ruby/gems/3.1.0/gems/actionpack-7.0.4/lib/action_dispatch/middleware/server_timing.rb:61:in `block in call'
	from /Users/imac_1/.rbenv/versions/3.1.2/lib/ruby/gems/3.1.0/gems/actionpack-7.0.4/lib/action_dispatch/middleware/server_timing.rb:26:in `collect_events'
	from /Users/imac_1/.rbenv/versions/3.1.2/lib/ruby/gems/3.1.0/gems/actionpack-7.0.4/lib/action_dispatch/middleware/server_timing.rb:60:in `call'
	from /Users/imac_1/.rbenv/versions/3.1.2/lib/ruby/gems/3.1.0/gems/actionpack-7.0.4/lib/action_dispatch/middleware/executor.rb:14:in `call'
	from /Users/imac_1/.rbenv/versions/3.1.2/lib/ruby/gems/3.1.0/gems/actionpack-7.0.4/lib/action_dispatch/middleware/static.rb:23:in `call'
	from /Users/imac_1/.rbenv/versions/3.1.2/lib/ruby/gems/3.1.0/gems/rack-2.2.4/lib/rack/sendfile.rb:110:in `call'
	from /Users/imac_1/.rbenv/versions/3.1.2/lib/ruby/gems/3.1.0/gems/actionpack-7.0.4/lib/action_dispatch/middleware/host_authorization.rb:137:in `call'
	from /Users/imac_1/.rbenv/versions/3.1.2/lib/ruby/gems/3.1.0/gems/railties-7.0.4/lib/rails/engine.rb:530:in `call'
	from /Users/imac_1/.rbenv/versions/3.1.2/lib/ruby/gems/3.1.0/gems/puma-5.6.5/lib/puma/configuration.rb:252:in `call'
	from /Users/imac_1/.rbenv/versions/3.1.2/lib/ruby/gems/3.1.0/gems/puma-5.6.5/lib/puma/request.rb:77:in `block in handle_request'
	from /Users/imac_1/.rbenv/versions/3.1.2/lib/ruby/gems/3.1.0/gems/puma-5.6.5/lib/puma/thread_pool.rb:340:in `with_force_shutdown'
	from /Users/imac_1/.rbenv/versions/3.1.2/lib/ruby/gems/3.1.0/gems/puma-5.6.5/lib/puma/request.rb:76:in `handle_request'
	from /Users/imac_1/.rbenv/versions/3.1.2/lib/ruby/gems/3.1.0/gems/puma-5.6.5/lib/puma/server.rb:443:in `process_client'
	from /Users/imac_1/.rbenv/versions/3.1.2/lib/ruby/gems/3.1.0/gems/puma-5.6.5/lib/puma/thread_pool.rb:147:in `block in spawn_thread'
Started GET "/" for 127.0.0.1 at 2022-11-21 20:46:06 -0400
  
ActiveRecord::NoDatabaseError (We could not find your database: my_new_rails_app_development. Which can be found in the database configuration file located at config/database.yml.

To resolve this issue:

- Did you create the database for this app, or delete it? You may need to create your database.
- Has the database name changed? Check your database.yml config has the correct database name.

To create your database, run:

        bin/rails db:create
):
  
activerecord (7.0.4) lib/active_record/connection_adapters/postgresql_adapter.rb:81:in `rescue in new_client'
activerecord (7.0.4) lib/active_record/connection_adapters/postgresql_adapter.rb:77:in `new_client'
activerecord (7.0.4) lib/active_record/connection_adapters/postgresql_adapter.rb:37:in `postgresql_connection'
activerecord (7.0.4) lib/active_record/connection_adapters/abstract/connection_pool.rb:656:in `public_send'
activerecord (7.0.4) lib/active_record/connection_adapters/abstract/connection_pool.rb:656:in `new_connection'
activerecord (7.0.4) lib/active_record/connection_adapters/abstract/connection_pool.rb:700:in `checkout_new_connection'
activerecord (7.0.4) lib/active_record/connection_adapters/abstract/connection_pool.rb:679:in `try_to_checkout_new_connection'
activerecord (7.0.4) lib/active_record/connection_adapters/abstract/connection_pool.rb:640:in `acquire_connection'
activerecord (7.0.4) lib/active_record/connection_adapters/abstract/connection_pool.rb:341:in `checkout'
activerecord (7.0.4) lib/active_record/connection_adapters/abstract/connection_pool.rb:181:in `connection'
activerecord (7.0.4) lib/active_record/connection_adapters/abstract/connection_handler.rb:211:in `retrieve_connection'
activerecord (7.0.4) lib/active_record/connection_handling.rb:313:in `retrieve_connection'
activerecord (7.0.4) lib/active_record/connection_handling.rb:280:in `connection'
activerecord (7.0.4) lib/active_record/migration.rb:613:in `connection'
activerecord (7.0.4) lib/active_record/migration.rb:608:in `build_watcher'
activerecord (7.0.4) lib/active_record/migration.rb:590:in `block in call'
activerecord (7.0.4) lib/active_record/migration.rb:589:in `synchronize'
activerecord (7.0.4) lib/active_record/migration.rb:589:in `call'
actionpack (7.0.4) lib/action_dispatch/middleware/callbacks.rb:27:in `block in call'
activesupport (7.0.4) lib/active_support/callbacks.rb:99:in `run_callbacks'
actionpack (7.0.4) lib/action_dispatch/middleware/callbacks.rb:26:in `call'
actionpack (7.0.4) lib/action_dispatch/middleware/executor.rb:14:in `call'
actionpack (7.0.4) lib/action_dispatch/middleware/actionable_exceptions.rb:17:in `call'
actionpack (7.0.4) lib/action_dispatch/middleware/debug_exceptions.rb:28:in `call'
web-console (4.2.0) lib/web_console/middleware.rb:132:in `call_app'
web-console (4.2.0) lib/web_console/middleware.rb:28:in `block in call'
web-console (4.2.0) lib/web_console/middleware.rb:17:in `catch'
web-console (4.2.0) lib/web_console/middleware.rb:17:in `call'
actionpack (7.0.4) lib/action_dispatch/middleware/show_exceptions.rb:26:in `call'
railties (7.0.4) lib/rails/rack/logger.rb:40:in `call_app'
railties (7.0.4) lib/rails/rack/logger.rb:25:in `block in call'
activesupport (7.0.4) lib/active_support/tagged_logging.rb:99:in `block in tagged'
activesupport (7.0.4) lib/active_support/tagged_logging.rb:37:in `tagged'
activesupport (7.0.4) lib/active_support/tagged_logging.rb:99:in `tagged'
railties (7.0.4) lib/rails/rack/logger.rb:25:in `call'
sprockets-rails (3.4.2) lib/sprockets/rails/quiet_assets.rb:13:in `call'
actionpack (7.0.4) lib/action_dispatch/middleware/remote_ip.rb:93:in `call'
actionpack (7.0.4) lib/action_dispatch/middleware/request_id.rb:26:in `call'
rack (2.2.4) lib/rack/method_override.rb:24:in `call'
rack (2.2.4) lib/rack/runtime.rb:22:in `call'
activesupport (7.0.4) lib/active_support/cache/strategy/local_cache_middleware.rb:29:in `call'
actionpack (7.0.4) lib/action_dispatch/middleware/server_timing.rb:61:in `block in call'
actionpack (7.0.4) lib/action_dispatch/middleware/server_timing.rb:26:in `collect_events'
actionpack (7.0.4) lib/action_dispatch/middleware/server_timing.rb:60:in `call'
actionpack (7.0.4) lib/action_dispatch/middleware/executor.rb:14:in `call'
actionpack (7.0.4) lib/action_dispatch/middleware/static.rb:23:in `call'
rack (2.2.4) lib/rack/sendfile.rb:110:in `call'
actionpack (7.0.4) lib/action_dispatch/middleware/host_authorization.rb:137:in `call'
railties (7.0.4) lib/rails/engine.rb:530:in `call'
puma (5.6.5) lib/puma/configuration.rb:252:in `call'
puma (5.6.5) lib/puma/request.rb:77:in `block in handle_request'
puma (5.6.5) lib/puma/thread_pool.rb:340:in `with_force_shutdown'
puma (5.6.5) lib/puma/request.rb:76:in `handle_request'
puma (5.6.5) lib/puma/server.rb:443:in `process_client'
puma (5.6.5) lib/puma/thread_pool.rb:147:in `block in spawn_thread'
  [1m[35m (2239.8ms)[0m  [1m[35mCREATE DATABASE "my_new_rails_app_development" ENCODING = 'unicode'[0m
  [1m[35m (383.8ms)[0m  [1m[35mCREATE DATABASE "my_new_rails_app_test" ENCODING = 'unicode'[0m
Started GET "/" for 127.0.0.1 at 2022-11-21 20:55:34 -0400
Processing by RootController#index as HTML
  Rendering layout layouts/application.html.erb
  Rendering root/index.html.erb within layouts/application
  Rendered root/index.html.erb within layouts/application (Duration: 13.8ms | Allocations: 332)
  Rendered layout layouts/application.html.erb (Duration: 1488.6ms | Allocations: 71576)
Completed 200 OK in 1769ms (Views: 1511.0ms | ActiveRecord: 0.0ms | Allocations: 75326)


Started GET "/" for ::1 at 2022-11-21 22:07:25 -0400
Started GET "/" for ::1 at 2022-11-21 22:07:25 -0400
  [1m[36mActiveRecord::SchemaMigration Pluck (24.2ms)[0m  [1m[34mSELECT "schema_migrations"."version" FROM "schema_migrations" ORDER BY "schema_migrations"."version" ASC[0m
Processing by RootController#index as HTML
Processing by RootController#index as HTML
  Rendering layout layouts/application.html.erb
  Rendering root/index.html.erb within layouts/application
  Rendering layout layouts/application.html.erb
  Rendering root/index.html.erb within layouts/application
  Rendered root/index.html.erb within layouts/application (Duration: 210.9ms | Allocations: 397)
  Rendered root/index.html.erb within layouts/application (Duration: 2.4ms | Allocations: 245)
  Rendered layout layouts/application.html.erb (Duration: 943.6ms | Allocations: 39821)
  Rendered layout layouts/application.html.erb (Duration: 730.9ms | Allocations: 39782)
Completed 200 OK in 1158ms (Views: 1016.6ms | ActiveRecord: 0.0ms | Allocations: 43746)


Completed 200 OK in 1147ms (Views: 1015.0ms | ActiveRecord: 0.0ms | Allocations: 43444)


